TN:
SF:02-ratelimitter.js
FN:23,rateLimiterMiddleware
FNF:1
FNH:1
FNDA:13,rateLimiterMiddleware
DA:1,1
DA:2,1
DA:3,1
DA:4,1
DA:5,1
DA:6,1
DA:7,1
DA:8,1
DA:9,1
DA:10,1
DA:11,1
DA:12,1
DA:13,1
DA:14,1
DA:15,1
DA:16,2
DA:17,1
DA:18,1
DA:19,1
DA:20,1
DA:21,1
DA:22,1
DA:23,1
DA:24,13
DA:25,13
DA:26,13
DA:27,13
DA:28,13
DA:29,11
DA:30,11
DA:31,11
DA:32,11
DA:33,7
DA:34,7
DA:35,7
DA:36,7
DA:37,11
DA:38,2
DA:39,2
DA:40,2
DA:41,2
DA:42,6
DA:43,6
DA:44,6
DA:45,6
DA:46,1
DA:47,1
DA:48,1
DA:49,1
DA:50,1
DA:51,6
DA:52,1
DA:53,1
DA:54,1
DA:55,0
DA:56,1
DA:57,1
DA:58,1
LF:58
LH:57
BRDA:15,0,0,2
BRDA:23,1,0,13
BRDA:28,2,0,11
BRDA:32,3,0,7
BRDA:38,4,0,2
BRDA:41,5,0,6
BRDA:50,6,0,6
BRF:7
BRH:7
end_of_record
